<?xml version="1.0" encoding="UTF-8"?>
<coverage generated="1753392148820" clover="3.2.0">
  <project timestamp="1753392148820" name="All files">
    <metrics statements="212" coveredstatements="134" conditionals="96" coveredconditionals="51" methods="50" coveredmethods="41" elements="358" coveredelements="226" complexity="0" loc="212" ncloc="212" packages="2" files="10" classes="10"/>
    <package name="src">
      <metrics statements="115" coveredstatements="50" conditionals="50" coveredconditionals="18" methods="15" coveredmethods="10"/>
      <file name="App.jsx" path="C:\Users\jonru\careerfoundry\meet\src\App.jsx">
        <metrics statements="38" coveredstatements="34" conditionals="20" coveredconditionals="15" methods="8" coveredmethods="7"/>
        <line num="12" count="6" type="stmt"/>
        <line num="13" count="79" type="stmt"/>
        <line num="14" count="76" type="stmt"/>
        <line num="15" count="76" type="stmt"/>
        <line num="16" count="76" type="stmt"/>
        <line num="17" count="76" type="stmt"/>
        <line num="18" count="76" type="stmt"/>
        <line num="19" count="76" type="stmt"/>
        <line num="20" count="76" type="stmt"/>
        <line num="21" count="76" type="stmt"/>
        <line num="22" count="76" type="stmt"/>
        <line num="24" count="76" type="stmt"/>
        <line num="25" count="15" type="stmt"/>
        <line num="26" count="0" type="stmt"/>
        <line num="29" count="15" type="stmt"/>
        <line num="30" count="15" type="stmt"/>
        <line num="33" count="76" type="stmt"/>
        <line num="34" count="38" type="stmt"/>
        <line num="35" count="38" type="cond" truecount="2" falsecount="0"/>
        <line num="36" count="15" type="stmt"/>
        <line num="39" count="38" type="stmt"/>
        <line num="40" count="38" type="cond" truecount="1" falsecount="1"/>
        <line num="41" count="0" type="stmt"/>
        <line num="42" count="0" type="stmt"/>
        <line num="45" count="38" type="cond" truecount="2" falsecount="0"/>
        <line num="47" count="64" type="stmt"/>
        <line num="49" count="38" type="stmt"/>
        <line num="50" count="38" type="stmt"/>
        <line num="51" count="38" type="stmt"/>
        <line num="52" count="38" type="stmt"/>
        <line num="55" count="38" type="cond" truecount="1" falsecount="1"/>
        <line num="56" count="38" type="stmt"/>
        <line num="58" count="0" type="stmt"/>
        <line num="60" count="38" type="stmt"/>
        <line num="63" count="76" type="cond" truecount="4" falsecount="0"/>
        <line num="64" count="15" type="stmt"/>
        <line num="74" count="61" type="stmt"/>
        <line num="89" count="6" type="stmt"/>
      </file>
      <file name="api.js" path="C:\Users\jonru\careerfoundry\meet\src\api.js">
        <metrics statements="76" coveredstatements="15" conditionals="30" coveredconditionals="3" methods="7" coveredmethods="3"/>
        <line num="5" count="6" type="stmt"/>
        <line num="6" count="41" type="cond" truecount="2" falsecount="0"/>
        <line num="7" count="1312" type="stmt"/>
        <line num="8" count="41" type="stmt"/>
        <line num="9" count="41" type="stmt"/>
        <line num="12" count="6" type="stmt"/>
        <line num="13" count="0" type="stmt"/>
        <line num="14" count="0" type="cond" truecount="0" falsecount="2"/>
        <line num="16" count="0" type="cond" truecount="0" falsecount="4"/>
        <line num="17" count="0" type="stmt"/>
        <line num="18" count="0" type="stmt"/>
        <line num="19" count="0" type="stmt"/>
        <line num="20" count="0" type="cond" truecount="0" falsecount="2"/>
        <line num="21" count="0" type="stmt"/>
        <line num="24" count="0" type="stmt"/>
        <line num="25" count="0" type="stmt"/>
        <line num="26" count="0" type="stmt"/>
        <line num="28" count="0" type="cond" truecount="0" falsecount="2"/>
        <line num="30" count="0" type="stmt"/>
        <line num="33" count="6" type="stmt"/>
        <line num="34" count="44" type="stmt"/>
        <line num="36" count="44" type="cond" truecount="1" falsecount="1"/>
        <line num="37" count="44" type="stmt"/>
        <line num="38" count="44" type="stmt"/>
        <line num="39" count="44" type="stmt"/>
        <line num="43" count="0" type="cond" truecount="0" falsecount="2"/>
        <line num="44" count="0" type="stmt"/>
        <line num="45" count="0" type="stmt"/>
        <line num="46" count="0" type="stmt"/>
        <line num="47" count="0" type="cond" truecount="0" falsecount="2"/>
        <line num="50" count="0" type="stmt"/>
        <line num="51" count="0" type="stmt"/>
        <line num="52" count="0" type="cond" truecount="0" falsecount="2"/>
        <line num="53" count="0" type="stmt"/>
        <line num="54" count="0" type="stmt"/>
        <line num="55" count="0" type="stmt"/>
        <line num="58" count="0" type="stmt"/>
        <line num="60" count="0" type="stmt"/>
        <line num="61" count="0" type="stmt"/>
        <line num="63" count="0" type="stmt"/>
        <line num="64" count="0" type="cond" truecount="0" falsecount="2"/>
        <line num="65" count="0" type="stmt"/>
        <line num="68" count="0" type="stmt"/>
        <line num="69" count="0" type="stmt"/>
        <line num="71" count="0" type="cond" truecount="0" falsecount="2"/>
        <line num="72" count="0" type="stmt"/>
        <line num="74" count="0" type="stmt"/>
        <line num="75" count="0" type="stmt"/>
        <line num="76" count="0" type="cond" truecount="0" falsecount="2"/>
        <line num="77" count="0" type="stmt"/>
        <line num="78" count="0" type="stmt"/>
        <line num="80" count="0" type="stmt"/>
        <line num="81" count="0" type="stmt"/>
        <line num="83" count="0" type="stmt"/>
        <line num="84" count="0" type="stmt"/>
        <line num="88" count="0" type="stmt"/>
        <line num="89" count="0" type="stmt"/>
        <line num="91" count="0" type="stmt"/>
        <line num="92" count="0" type="cond" truecount="0" falsecount="2"/>
        <line num="93" count="0" type="stmt"/>
        <line num="94" count="0" type="stmt"/>
        <line num="98" count="0" type="stmt"/>
        <line num="102" count="6" type="stmt"/>
        <line num="103" count="0" type="stmt"/>
        <line num="104" count="0" type="stmt"/>
        <line num="107" count="6" type="stmt"/>
        <line num="108" count="0" type="stmt"/>
        <line num="109" count="0" type="stmt"/>
        <line num="112" count="0" type="stmt"/>
        <line num="113" count="0" type="cond" truecount="0" falsecount="2"/>
        <line num="114" count="0" type="stmt"/>
        <line num="116" count="0" type="stmt"/>
        <line num="119" count="6" type="stmt"/>
        <line num="120" count="0" type="stmt"/>
        <line num="123" count="0" type="stmt"/>
        <line num="124" count="0" type="stmt"/>
      </file>
      <file name="mock-data.js" path="C:\Users\jonru\careerfoundry\meet\src\mock-data.js">
        <metrics statements="1" coveredstatements="1" conditionals="0" coveredconditionals="0" methods="0" coveredmethods="0"/>
        <line num="1" count="7" type="stmt"/>
      </file>
    </package>
    <package name="src.components">
      <metrics statements="97" coveredstatements="84" conditionals="46" coveredconditionals="33" methods="35" coveredmethods="31"/>
      <file name="Alert.jsx" path="C:\Users\jonru\careerfoundry\meet\src\components\Alert.jsx">
        <metrics statements="15" coveredstatements="9" conditionals="0" coveredconditionals="0" methods="6" coveredmethods="4"/>
        <line num="5" count="2" type="stmt"/>
        <line num="6" count="2" type="stmt"/>
        <line num="7" count="2" type="stmt"/>
        <line num="10" count="2" type="stmt"/>
        <line num="11" count="2" type="stmt"/>
        <line num="27" count="2" type="stmt"/>
        <line num="37" count="0" type="stmt"/>
        <line num="38" count="0" type="stmt"/>
        <line num="39" count="0" type="stmt"/>
        <line num="45" count="2" type="stmt"/>
        <line num="46" count="2" type="stmt"/>
        <line num="47" count="2" type="stmt"/>
        <line num="53" count="0" type="stmt"/>
        <line num="54" count="0" type="stmt"/>
        <line num="55" count="0" type="stmt"/>
      </file>
      <file name="CityEventsChart.jsx" path="C:\Users\jonru\careerfoundry\meet\src\components\CityEventsChart.jsx">
        <metrics statements="11" coveredstatements="11" conditionals="5" coveredconditionals="4" methods="5" coveredmethods="5"/>
        <line num="11" count="6" type="stmt"/>
        <line num="12" count="70" type="stmt"/>
        <line num="14" count="70" type="stmt"/>
        <line num="15" count="34" type="stmt"/>
        <line num="16" count="34" type="stmt"/>
        <line num="17" count="1784" type="stmt"/>
        <line num="18" count="68" type="stmt"/>
        <line num="19" count="68" type="stmt"/>
        <line num="23" count="34" type="cond" truecount="4" falsecount="1"/>
        <line num="24" count="34" type="stmt"/>
        <line num="28" count="70" type="stmt"/>
      </file>
      <file name="CitySearch.jsx" path="C:\Users\jonru\careerfoundry\meet\src\components\CitySearch.jsx">
        <metrics statements="31" coveredstatements="29" conditionals="13" coveredconditionals="9" methods="9" coveredmethods="9"/>
        <line num="3" count="6" type="cond" truecount="0" falsecount="1"/>
        <line num="4" count="95" type="stmt"/>
        <line num="5" count="95" type="stmt"/>
        <line num="6" count="95" type="stmt"/>
        <line num="8" count="95" type="stmt"/>
        <line num="9" count="43" type="cond" truecount="2" falsecount="0"/>
        <line num="10" count="36" type="stmt"/>
        <line num="11" count="72" type="stmt"/>
        <line num="15" count="95" type="stmt"/>
        <line num="16" count="36" type="stmt"/>
        <line num="17" count="36" type="stmt"/>
        <line num="19" count="36" type="stmt"/>
        <line num="20" count="36" type="stmt"/>
        <line num="23" count="36" type="cond" truecount="3" falsecount="1"/>
        <line num="24" count="0" type="stmt"/>
        <line num="26" count="36" type="stmt"/>
        <line num="28" count="36" type="stmt"/>
        <line num="30" count="36" type="cond" truecount="1" falsecount="1"/>
        <line num="31" count="0" type="stmt"/>
        <line num="35" count="95" type="stmt"/>
        <line num="36" count="7" type="stmt"/>
        <line num="37" count="7" type="stmt"/>
        <line num="40" count="95" type="stmt"/>
        <line num="41" count="3" type="stmt"/>
        <line num="42" count="3" type="cond" truecount="1" falsecount="1"/>
        <line num="43" count="3" type="stmt"/>
        <line num="44" count="3" type="stmt"/>
        <line num="45" count="3" type="stmt"/>
        <line num="48" count="95" type="stmt"/>
        <line num="56" count="3" type="stmt"/>
        <line num="63" count="48" type="stmt"/>
      </file>
      <file name="Event.jsx" path="C:\Users\jonru\careerfoundry\meet\src\components\Event.jsx">
        <metrics statements="4" coveredstatements="4" conditionals="4" coveredconditionals="4" methods="2" coveredmethods="2"/>
        <line num="5" count="7" type="stmt"/>
        <line num="6" count="1079" type="stmt"/>
        <line num="8" count="1079" type="stmt"/>
        <line num="27" count="6" type="stmt"/>
      </file>
      <file name="EventGenresChart.jsx" path="C:\Users\jonru\careerfoundry\meet\src\components\EventGenresChart.jsx">
        <metrics statements="17" coveredstatements="12" conditionals="11" coveredconditionals="6" methods="6" coveredmethods="5"/>
        <line num="4" count="6" type="stmt"/>
        <line num="5" count="70" type="stmt"/>
        <line num="7" count="70" type="stmt"/>
        <line num="9" count="70" type="stmt"/>
        <line num="10" count="34" type="stmt"/>
        <line num="11" count="34" type="stmt"/>
        <line num="12" count="4460" type="cond" truecount="2" falsecount="0"/>
        <line num="13" count="170" type="stmt"/>
        <line num="20" count="34" type="cond" truecount="4" falsecount="1"/>
        <line num="21" count="34" type="stmt"/>
        <line num="25" count="70" type="stmt"/>
        <line num="26" count="0" type="stmt"/>
        <line num="27" count="0" type="stmt"/>
        <line num="28" count="0" type="stmt"/>
        <line num="29" count="0" type="stmt"/>
        <line num="30" count="0" type="cond" truecount="0" falsecount="2"/>
        <line num="43" count="70" type="stmt"/>
      </file>
      <file name="EventList.jsx" path="C:\Users\jonru\careerfoundry\meet\src\components\EventList.jsx">
        <metrics statements="3" coveredstatements="3" conditionals="2" coveredconditionals="1" methods="2" coveredmethods="2"/>
        <line num="5" count="6" type="stmt"/>
        <line num="6" count="48" type="stmt"/>
        <line num="9" count="1066" type="stmt"/>
      </file>
      <file name="NumberOfEvents.jsx" path="C:\Users\jonru\careerfoundry\meet\src\components\NumberOfEvents.jsx">
        <metrics statements="16" coveredstatements="16" conditionals="11" coveredconditionals="9" methods="5" coveredmethods="4"/>
        <line num="3" count="7" type="cond" truecount="2" falsecount="1"/>
        <line num="4" count="79" type="stmt"/>
        <line num="6" count="79" type="stmt"/>
        <line num="7" count="28" type="stmt"/>
        <line num="10" count="79" type="stmt"/>
        <line num="11" count="25" type="stmt"/>
        <line num="12" count="25" type="stmt"/>
        <line num="14" count="25" type="cond" truecount="4" falsecount="0"/>
        <line num="17" count="12" type="cond" truecount="2" falsecount="0"/>
        <line num="18" count="4" type="stmt"/>
        <line num="19" count="8" type="cond" truecount="1" falsecount="1"/>
        <line num="20" count="8" type="stmt"/>
        <line num="22" count="12" type="stmt"/>
        <line num="25" count="13" type="stmt"/>
        <line num="26" count="13" type="stmt"/>
        <line num="30" count="79" type="stmt"/>
      </file>
    </package>
  </project>
</coverage>
