<?xml version="1.0" encoding="UTF-8"?>
<coverage generated="1752101609509" clover="3.2.0">
  <project timestamp="1752101609509" name="All files">
    <metrics statements="127" coveredstatements="77" conditionals="51" coveredconditionals="24" methods="29" coveredmethods="22" elements="207" coveredelements="123" complexity="0" loc="127" ncloc="127" packages="2" files="7" classes="7"/>
    <package name="src">
      <metrics statements="86" coveredstatements="37" conditionals="34" coveredconditionals="10" methods="12" coveredmethods="6"/>
      <file name="App.jsx" path="C:\Users\jonru\careerfoundry\meet\src\App.jsx">
        <metrics statements="26" coveredstatements="22" conditionals="10" coveredconditionals="7" methods="5" coveredmethods="3"/>
        <line num="9" count="6" type="stmt"/>
        <line num="10" count="28" type="stmt"/>
        <line num="11" count="23" type="stmt"/>
        <line num="12" count="23" type="stmt"/>
        <line num="13" count="23" type="stmt"/>
        <line num="14" count="23" type="stmt"/>
        <line num="15" count="23" type="stmt"/>
        <line num="17" count="23" type="stmt"/>
        <line num="18" count="16" type="stmt"/>
        <line num="21" count="23" type="stmt"/>
        <line num="22" count="16" type="cond" truecount="1" falsecount="1"/>
        <line num="23" count="16" type="stmt"/>
        <line num="26" count="16" type="stmt"/>
        <line num="27" count="16" type="cond" truecount="1" falsecount="1"/>
        <line num="28" count="0" type="stmt"/>
        <line num="29" count="0" type="stmt"/>
        <line num="32" count="16" type="cond" truecount="1" falsecount="1"/>
        <line num="34" count="0" type="stmt"/>
        <line num="36" count="16" type="stmt"/>
        <line num="37" count="16" type="stmt"/>
        <line num="38" count="16" type="stmt"/>
        <line num="39" count="16" type="stmt"/>
        <line num="42" count="23" type="cond" truecount="4" falsecount="0"/>
        <line num="43" count="16" type="stmt"/>
        <line num="53" count="7" type="stmt"/>
        <line num="61" count="0" type="stmt"/>
      </file>
      <file name="api.js" path="C:\Users\jonru\careerfoundry\meet\src\api.js">
        <metrics statements="59" coveredstatements="14" conditionals="24" coveredconditionals="3" methods="7" coveredmethods="3"/>
        <line num="5" count="6" type="stmt"/>
        <line num="6" count="18" type="cond" truecount="2" falsecount="0"/>
        <line num="7" count="576" type="stmt"/>
        <line num="8" count="18" type="stmt"/>
        <line num="9" count="18" type="stmt"/>
        <line num="12" count="6" type="stmt"/>
        <line num="13" count="0" type="stmt"/>
        <line num="14" count="0" type="cond" truecount="0" falsecount="2"/>
        <line num="16" count="0" type="cond" truecount="0" falsecount="4"/>
        <line num="17" count="0" type="stmt"/>
        <line num="18" count="0" type="stmt"/>
        <line num="19" count="0" type="stmt"/>
        <line num="20" count="0" type="cond" truecount="0" falsecount="2"/>
        <line num="21" count="0" type="stmt"/>
        <line num="24" count="0" type="stmt"/>
        <line num="25" count="0" type="stmt"/>
        <line num="26" count="0" type="stmt"/>
        <line num="28" count="0" type="cond" truecount="0" falsecount="2"/>
        <line num="30" count="0" type="stmt"/>
        <line num="33" count="6" type="stmt"/>
        <line num="34" count="19" type="stmt"/>
        <line num="36" count="19" type="cond" truecount="1" falsecount="1"/>
        <line num="37" count="19" type="stmt"/>
        <line num="38" count="19" type="stmt"/>
        <line num="41" count="0" type="stmt"/>
        <line num="42" count="0" type="stmt"/>
        <line num="43" count="0" type="cond" truecount="0" falsecount="2"/>
        <line num="44" count="0" type="stmt"/>
        <line num="45" count="0" type="stmt"/>
        <line num="48" count="0" type="stmt"/>
        <line num="50" count="0" type="stmt"/>
        <line num="51" count="0" type="stmt"/>
        <line num="53" count="0" type="stmt"/>
        <line num="54" count="0" type="cond" truecount="0" falsecount="2"/>
        <line num="55" count="0" type="stmt"/>
        <line num="58" count="0" type="stmt"/>
        <line num="59" count="0" type="stmt"/>
        <line num="61" count="0" type="cond" truecount="0" falsecount="2"/>
        <line num="62" count="0" type="stmt"/>
        <line num="63" count="0" type="cond" truecount="0" falsecount="2"/>
        <line num="64" count="0" type="stmt"/>
        <line num="65" count="0" type="stmt"/>
        <line num="67" count="0" type="stmt"/>
        <line num="71" count="0" type="stmt"/>
        <line num="74" count="0" type="stmt"/>
        <line num="78" count="6" type="stmt"/>
        <line num="79" count="0" type="stmt"/>
        <line num="80" count="0" type="stmt"/>
        <line num="83" count="6" type="stmt"/>
        <line num="84" count="0" type="stmt"/>
        <line num="85" count="0" type="stmt"/>
        <line num="88" count="0" type="stmt"/>
        <line num="89" count="0" type="cond" truecount="0" falsecount="2"/>
        <line num="90" count="0" type="stmt"/>
        <line num="92" count="0" type="stmt"/>
        <line num="95" count="6" type="stmt"/>
        <line num="96" count="0" type="stmt"/>
        <line num="99" count="0" type="stmt"/>
        <line num="100" count="0" type="stmt"/>
      </file>
      <file name="mock-data.js" path="C:\Users\jonru\careerfoundry\meet\src\mock-data.js">
        <metrics statements="1" coveredstatements="1" conditionals="0" coveredconditionals="0" methods="0" coveredmethods="0"/>
        <line num="1" count="7" type="stmt"/>
      </file>
    </package>
    <package name="src.components">
      <metrics statements="41" coveredstatements="40" conditionals="17" coveredconditionals="14" methods="17" coveredmethods="16"/>
      <file name="CitySearch.jsx" path="C:\Users\jonru\careerfoundry\meet\src\components\CitySearch.jsx">
        <metrics statements="25" coveredstatements="24" conditionals="9" coveredconditionals="6" methods="9" coveredmethods="8"/>
        <line num="3" count="6" type="cond" truecount="0" falsecount="1"/>
        <line num="4" count="30" type="stmt"/>
        <line num="5" count="30" type="stmt"/>
        <line num="6" count="30" type="stmt"/>
        <line num="8" count="30" type="stmt"/>
        <line num="9" count="15" type="cond" truecount="2" falsecount="0"/>
        <line num="10" count="12" type="stmt"/>
        <line num="11" count="24" type="stmt"/>
        <line num="15" count="30" type="stmt"/>
        <line num="16" count="12" type="stmt"/>
        <line num="17" count="12" type="stmt"/>
        <line num="18" count="12" type="stmt"/>
        <line num="19" count="12" type="cond" truecount="1" falsecount="1"/>
        <line num="20" count="0" type="stmt"/>
        <line num="24" count="30" type="stmt"/>
        <line num="25" count="3" type="stmt"/>
        <line num="26" count="3" type="stmt"/>
        <line num="29" count="30" type="stmt"/>
        <line num="30" count="1" type="stmt"/>
        <line num="31" count="1" type="cond" truecount="1" falsecount="1"/>
        <line num="32" count="1" type="stmt"/>
        <line num="33" count="1" type="stmt"/>
        <line num="36" count="30" type="stmt"/>
        <line num="44" count="1" type="stmt"/>
        <line num="51" count="16" type="stmt"/>
      </file>
      <file name="Event.jsx" path="C:\Users\jonru\careerfoundry\meet\src\components\Event.jsx">
        <metrics statements="4" coveredstatements="4" conditionals="4" coveredconditionals="4" methods="2" coveredmethods="2"/>
        <line num="5" count="7" type="stmt"/>
        <line num="6" count="266" type="stmt"/>
        <line num="8" count="266" type="stmt"/>
        <line num="27" count="3" type="stmt"/>
      </file>
      <file name="EventList.jsx" path="C:\Users\jonru\careerfoundry\meet\src\components\EventList.jsx">
        <metrics statements="3" coveredstatements="3" conditionals="2" coveredconditionals="2" methods="2" coveredmethods="2"/>
        <line num="5" count="6" type="stmt"/>
        <line num="6" count="10" type="stmt"/>
        <line num="9" count="256" type="stmt"/>
      </file>
      <file name="NumberOfEvents.jsx" path="C:\Users\jonru\careerfoundry\meet\src\components\NumberOfEvents.jsx">
        <metrics statements="9" coveredstatements="9" conditionals="2" coveredconditionals="2" methods="4" coveredmethods="4"/>
        <line num="3" count="7" type="cond" truecount="2" falsecount="0"/>
        <line num="4" count="20" type="stmt"/>
        <line num="6" count="20" type="stmt"/>
        <line num="7" count="11" type="stmt"/>
        <line num="10" count="20" type="stmt"/>
        <line num="11" count="7" type="stmt"/>
        <line num="12" count="7" type="stmt"/>
        <line num="13" count="7" type="stmt"/>
        <line num="16" count="20" type="stmt"/>
      </file>
    </package>
  </project>
</coverage>
