{"C:\\Users\\jonru\\careerfoundry\\meet\\src\\App.jsx": {"path":"C:\\Users\\jonru\\careerfoundry\\meet\\src\\App.jsx","statementMap":{"0":{"start":{"line":9,"column":12},"end":{"line":44,"column":1}},"1":{"start":{"line":10,"column":42},"end":{"line":10,"column":54}},"2":{"start":{"line":11,"column":42},"end":{"line":11,"column":54}},"3":{"start":{"line":12,"column":42},"end":{"line":12,"column":54}},"4":{"start":{"line":13,"column":42},"end":{"line":13,"column":68}},"5":{"start":{"line":15,"column":2},"end":{"line":17,"column":32}},"6":{"start":{"line":16,"column":4},"end":{"line":16,"column":16}},"7":{"start":{"line":19,"column":20},"end":{"line":29,"column":3}},"8":{"start":{"line":20,"column":22},"end":{"line":20,"column":39}},"9":{"start":{"line":21,"column":4},"end":{"line":21,"column":42}},"10":{"start":{"line":21,"column":35},"end":{"line":21,"column":42}},"11":{"start":{"line":23,"column":21},"end":{"line":25,"column":59}},"12":{"start":{"line":25,"column":31},"end":{"line":25,"column":58}},"13":{"start":{"line":27,"column":4},"end":{"line":27,"column":45}},"14":{"start":{"line":28,"column":4},"end":{"line":28,"column":49}},"15":{"start":{"line":31,"column":2},"end":{"line":43,"column":4}},"16":{"start":{"line":39,"column":31},"end":{"line":39,"column":57}}},"fnMap":{"0":{"name":"(anonymous_0)","decl":{"start":{"line":9,"column":12},"end":{"line":9,"column":13}},"loc":{"start":{"line":9,"column":18},"end":{"line":44,"column":1}},"line":9},"1":{"name":"(anonymous_1)","decl":{"start":{"line":15,"column":12},"end":{"line":15,"column":13}},"loc":{"start":{"line":15,"column":18},"end":{"line":17,"column":3}},"line":15},"2":{"name":"(anonymous_2)","decl":{"start":{"line":19,"column":20},"end":{"line":19,"column":21}},"loc":{"start":{"line":19,"column":32},"end":{"line":29,"column":3}},"line":19},"3":{"name":"(anonymous_3)","decl":{"start":{"line":25,"column":25},"end":{"line":25,"column":26}},"loc":{"start":{"line":25,"column":31},"end":{"line":25,"column":58}},"line":25},"4":{"name":"(anonymous_4)","decl":{"start":{"line":39,"column":24},"end":{"line":39,"column":25}},"loc":{"start":{"line":39,"column":31},"end":{"line":39,"column":57}},"line":39}},"branchMap":{"0":{"loc":{"start":{"line":21,"column":4},"end":{"line":21,"column":42}},"type":"if","locations":[{"start":{"line":21,"column":4},"end":{"line":21,"column":42}},{"start":{},"end":{}}],"line":21},"1":{"loc":{"start":{"line":23,"column":21},"end":{"line":25,"column":59}},"type":"cond-expr","locations":[{"start":{"line":24,"column":8},"end":{"line":24,"column":17}},{"start":{"line":25,"column":8},"end":{"line":25,"column":59}}],"line":23}},"s":{"0":6,"1":61,"2":57,"3":57,"4":57,"5":57,"6":30,"7":57,"8":30,"9":30,"10":0,"11":30,"12":64,"13":30,"14":30,"15":57,"16":12},"f":{"0":61,"1":30,"2":30,"3":64,"4":12},"b":{"0":[0,30],"1":[28,2]},"_coverageSchema":"1a1c01bbd47fc00a2c39e90264f33305004495a9","hash":"e833cb2be1a9b4438d5cd1f77f791c22b9e20965"}
,"C:\\Users\\jonru\\careerfoundry\\meet\\src\\api.js": {"path":"C:\\Users\\jonru\\careerfoundry\\meet\\src\\api.js","statementMap":{"0":{"start":{"line":5,"column":32},"end":{"line":10,"column":1}},"1":{"start":{"line":6,"column":21},"end":{"line":6,"column":43}},"2":{"start":{"line":7,"column":29},"end":{"line":7,"column":70}},"3":{"start":{"line":7,"column":55},"end":{"line":7,"column":69}},"4":{"start":{"line":8,"column":20},"end":{"line":8,"column":52}},"5":{"start":{"line":9,"column":2},"end":{"line":9,"column":19}},"6":{"start":{"line":12,"column":30},"end":{"line":31,"column":1}},"7":{"start":{"line":13,"column":22},"end":{"line":13,"column":58}},"8":{"start":{"line":14,"column":21},"end":{"line":14,"column":67}},"9":{"start":{"line":16,"column":2},"end":{"line":29,"column":3}},"10":{"start":{"line":17,"column":4},"end":{"line":17,"column":50}},"11":{"start":{"line":18,"column":25},"end":{"line":18,"column":68}},"12":{"start":{"line":19,"column":17},"end":{"line":19,"column":47}},"13":{"start":{"line":20,"column":4},"end":{"line":27,"column":5}},"14":{"start":{"line":21,"column":23},"end":{"line":23,"column":7}},"15":{"start":{"line":24,"column":21},"end":{"line":24,"column":42}},"16":{"start":{"line":25,"column":26},"end":{"line":25,"column":32}},"17":{"start":{"line":26,"column":6},"end":{"line":26,"column":46}},"18":{"start":{"line":28,"column":4},"end":{"line":28,"column":34}},"19":{"start":{"line":30,"column":2},"end":{"line":30,"column":21}},"20":{"start":{"line":33,"column":25},"end":{"line":75,"column":1}},"21":{"start":{"line":34,"column":2},"end":{"line":34,"column":20}},"22":{"start":{"line":36,"column":2},"end":{"line":39,"column":3}},"23":{"start":{"line":37,"column":4},"end":{"line":37,"column":54}},"24":{"start":{"line":38,"column":4},"end":{"line":38,"column":26}},"25":{"start":{"line":41,"column":2},"end":{"line":72,"column":3}},"26":{"start":{"line":42,"column":18},"end":{"line":42,"column":40}},"27":{"start":{"line":43,"column":4},"end":{"line":46,"column":5}},"28":{"start":{"line":44,"column":6},"end":{"line":44,"column":61}},"29":{"start":{"line":45,"column":6},"end":{"line":45,"column":16}},"30":{"start":{"line":48,"column":4},"end":{"line":48,"column":18}},"31":{"start":{"line":50,"column":16},"end":{"line":50,"column":100}},"32":{"start":{"line":51,"column":4},"end":{"line":51,"column":60}},"33":{"start":{"line":53,"column":21},"end":{"line":53,"column":37}},"34":{"start":{"line":54,"column":4},"end":{"line":56,"column":5}},"35":{"start":{"line":55,"column":6},"end":{"line":55,"column":77}},"36":{"start":{"line":58,"column":19},"end":{"line":58,"column":40}},"37":{"start":{"line":59,"column":4},"end":{"line":59,"column":55}},"38":{"start":{"line":61,"column":4},"end":{"line":68,"column":5}},"39":{"start":{"line":62,"column":6},"end":{"line":62,"column":27}},"40":{"start":{"line":63,"column":11},"end":{"line":68,"column":5}},"41":{"start":{"line":64,"column":6},"end":{"line":64,"column":77}},"42":{"start":{"line":65,"column":6},"end":{"line":65,"column":20}},"43":{"start":{"line":67,"column":6},"end":{"line":67,"column":71}},"44":{"start":{"line":71,"column":4},"end":{"line":71,"column":56}},"45":{"start":{"line":74,"column":2},"end":{"line":74,"column":12}},"46":{"start":{"line":78,"column":20},"end":{"line":81,"column":1}},"47":{"start":{"line":79,"column":17},"end":{"line":79,"column":98}},"48":{"start":{"line":80,"column":2},"end":{"line":80,"column":43}},"49":{"start":{"line":83,"column":17},"end":{"line":93,"column":1}},"50":{"start":{"line":84,"column":21},"end":{"line":84,"column":45}},"51":{"start":{"line":85,"column":19},"end":{"line":87,"column":3}},"52":{"start":{"line":88,"column":27},"end":{"line":88,"column":48}},"53":{"start":{"line":89,"column":2},"end":{"line":91,"column":3}},"54":{"start":{"line":90,"column":4},"end":{"line":90,"column":55}},"55":{"start":{"line":92,"column":2},"end":{"line":92,"column":22}},"56":{"start":{"line":95,"column":19},"end":{"line":101,"column":1}},"57":{"start":{"line":96,"column":19},"end":{"line":98,"column":3}},"58":{"start":{"line":99,"column":17},"end":{"line":99,"column":38}},"59":{"start":{"line":100,"column":2},"end":{"line":100,"column":16}}},"fnMap":{"0":{"name":"(anonymous_0)","decl":{"start":{"line":5,"column":32},"end":{"line":5,"column":33}},"loc":{"start":{"line":5,"column":44},"end":{"line":10,"column":1}},"line":5},"1":{"name":"(anonymous_1)","decl":{"start":{"line":7,"column":44},"end":{"line":7,"column":45}},"loc":{"start":{"line":7,"column":55},"end":{"line":7,"column":69}},"line":7},"2":{"name":"(anonymous_2)","decl":{"start":{"line":12,"column":30},"end":{"line":12,"column":31}},"loc":{"start":{"line":12,"column":42},"end":{"line":31,"column":1}},"line":12},"3":{"name":"(anonymous_3)","decl":{"start":{"line":33,"column":25},"end":{"line":33,"column":26}},"loc":{"start":{"line":33,"column":37},"end":{"line":75,"column":1}},"line":33},"4":{"name":"(anonymous_4)","decl":{"start":{"line":78,"column":20},"end":{"line":78,"column":21}},"loc":{"start":{"line":78,"column":26},"end":{"line":81,"column":1}},"line":78},"5":{"name":"(anonymous_5)","decl":{"start":{"line":83,"column":17},"end":{"line":83,"column":18}},"loc":{"start":{"line":83,"column":33},"end":{"line":93,"column":1}},"line":83},"6":{"name":"(anonymous_6)","decl":{"start":{"line":95,"column":19},"end":{"line":95,"column":20}},"loc":{"start":{"line":95,"column":42},"end":{"line":101,"column":1}},"line":95}},"branchMap":{"0":{"loc":{"start":{"line":6,"column":21},"end":{"line":6,"column":43}},"type":"binary-expr","locations":[{"start":{"line":6,"column":21},"end":{"line":6,"column":33}},{"start":{"line":6,"column":37},"end":{"line":6,"column":43}}],"line":6},"1":{"loc":{"start":{"line":14,"column":21},"end":{"line":14,"column":67}},"type":"binary-expr","locations":[{"start":{"line":14,"column":21},"end":{"line":14,"column":32}},{"start":{"line":14,"column":37},"end":{"line":14,"column":66}}],"line":14},"2":{"loc":{"start":{"line":16,"column":2},"end":{"line":29,"column":3}},"type":"if","locations":[{"start":{"line":16,"column":2},"end":{"line":29,"column":3}},{"start":{},"end":{}}],"line":16},"3":{"loc":{"start":{"line":16,"column":6},"end":{"line":16,"column":38}},"type":"binary-expr","locations":[{"start":{"line":16,"column":6},"end":{"line":16,"column":18}},{"start":{"line":16,"column":22},"end":{"line":16,"column":38}}],"line":16},"4":{"loc":{"start":{"line":20,"column":4},"end":{"line":27,"column":5}},"type":"if","locations":[{"start":{"line":20,"column":4},"end":{"line":27,"column":5}},{"start":{},"end":{}}],"line":20},"5":{"loc":{"start":{"line":28,"column":11},"end":{"line":28,"column":33}},"type":"binary-expr","locations":[{"start":{"line":28,"column":11},"end":{"line":28,"column":15}},{"start":{"line":28,"column":19},"end":{"line":28,"column":33}}],"line":28},"6":{"loc":{"start":{"line":36,"column":2},"end":{"line":39,"column":3}},"type":"if","locations":[{"start":{"line":36,"column":2},"end":{"line":39,"column":3}},{"start":{},"end":{}}],"line":36},"7":{"loc":{"start":{"line":43,"column":4},"end":{"line":46,"column":5}},"type":"if","locations":[{"start":{"line":43,"column":4},"end":{"line":46,"column":5}},{"start":{},"end":{}}],"line":43},"8":{"loc":{"start":{"line":54,"column":4},"end":{"line":56,"column":5}},"type":"if","locations":[{"start":{"line":54,"column":4},"end":{"line":56,"column":5}},{"start":{},"end":{}}],"line":54},"9":{"loc":{"start":{"line":61,"column":4},"end":{"line":68,"column":5}},"type":"if","locations":[{"start":{"line":61,"column":4},"end":{"line":68,"column":5}},{"start":{"line":63,"column":11},"end":{"line":68,"column":5}}],"line":61},"10":{"loc":{"start":{"line":63,"column":11},"end":{"line":68,"column":5}},"type":"if","locations":[{"start":{"line":63,"column":11},"end":{"line":68,"column":5}},{"start":{"line":66,"column":11},"end":{"line":68,"column":5}}],"line":63},"11":{"loc":{"start":{"line":89,"column":2},"end":{"line":91,"column":3}},"type":"if","locations":[{"start":{"line":89,"column":2},"end":{"line":91,"column":3}},{"start":{},"end":{}}],"line":89}},"s":{"0":6,"1":33,"2":33,"3":1056,"4":33,"5":33,"6":6,"7":0,"8":0,"9":0,"10":0,"11":0,"12":0,"13":0,"14":0,"15":0,"16":0,"17":0,"18":0,"19":0,"20":6,"21":36,"22":36,"23":36,"24":36,"25":0,"26":0,"27":0,"28":0,"29":0,"30":0,"31":0,"32":0,"33":0,"34":0,"35":0,"36":0,"37":0,"38":0,"39":0,"40":0,"41":0,"42":0,"43":0,"44":0,"45":0,"46":6,"47":0,"48":0,"49":6,"50":0,"51":0,"52":0,"53":0,"54":0,"55":0,"56":6,"57":0,"58":0,"59":0},"f":{"0":33,"1":1056,"2":0,"3":36,"4":0,"5":0,"6":0},"b":{"0":[33,33],"1":[0,0],"2":[0,0],"3":[0,0],"4":[0,0],"5":[0,0],"6":[36,0],"7":[0,0],"8":[0,0],"9":[0,0],"10":[0,0],"11":[0,0]},"_coverageSchema":"1a1c01bbd47fc00a2c39e90264f33305004495a9","hash":"3f467d86295915221e948627005714135f4952a4"}
,"C:\\Users\\jonru\\careerfoundry\\meet\\src\\mock-data.js": {"path":"C:\\Users\\jonru\\careerfoundry\\meet\\src\\mock-data.js","statementMap":{"0":{"start":{"line":1,"column":17},"end":{"line":1261,"column":1}}},"fnMap":{},"branchMap":{},"s":{"0":7},"f":{},"b":{},"_coverageSchema":"1a1c01bbd47fc00a2c39e90264f33305004495a9","hash":"a7669fe3d5cf4be6b0ea6d04648b9e96a1f6a5bb"}
,"C:\\Users\\jonru\\careerfoundry\\meet\\src\\components\\CitySearch.jsx": {"path":"C:\\Users\\jonru\\careerfoundry\\meet\\src\\components\\CitySearch.jsx","statementMap":{"0":{"start":{"line":3,"column":19},"end":{"line":62,"column":1}},"1":{"start":{"line":4,"column":38},"end":{"line":4,"column":50}},"2":{"start":{"line":5,"column":38},"end":{"line":5,"column":53}},"3":{"start":{"line":6,"column":38},"end":{"line":6,"column":60}},"4":{"start":{"line":8,"column":27},"end":{"line":13,"column":3}},"5":{"start":{"line":9,"column":4},"end":{"line":9,"column":49}},"6":{"start":{"line":9,"column":29},"end":{"line":9,"column":49}},"7":{"start":{"line":10,"column":4},"end":{"line":12,"column":6}},"8":{"start":{"line":11,"column":6},"end":{"line":11,"column":53}},"9":{"start":{"line":15,"column":28},"end":{"line":22,"column":3}},"10":{"start":{"line":16,"column":18},"end":{"line":16,"column":32}},"11":{"start":{"line":17,"column":4},"end":{"line":17,"column":20}},"12":{"start":{"line":18,"column":4},"end":{"line":18,"column":37}},"13":{"start":{"line":19,"column":4},"end":{"line":21,"column":5}},"14":{"start":{"line":20,"column":6},"end":{"line":20,"column":39}},"15":{"start":{"line":24,"column":22},"end":{"line":27,"column":3}},"16":{"start":{"line":25,"column":4},"end":{"line":25,"column":37}},"17":{"start":{"line":26,"column":4},"end":{"line":26,"column":18}},"18":{"start":{"line":29,"column":26},"end":{"line":34,"column":3}},"19":{"start":{"line":30,"column":18},"end":{"line":30,"column":38}},"20":{"start":{"line":31,"column":4},"end":{"line":31,"column":54}},"21":{"start":{"line":32,"column":4},"end":{"line":32,"column":26}},"22":{"start":{"line":33,"column":4},"end":{"line":33,"column":19}},"23":{"start":{"line":36,"column":2},"end":{"line":61,"column":4}},"24":{"start":{"line":44,"column":22},"end":{"line":44,"column":59}},"25":{"start":{"line":44,"column":39},"end":{"line":44,"column":53}},"26":{"start":{"line":51,"column":12},"end":{"line":53,"column":17}}},"fnMap":{"0":{"name":"(anonymous_0)","decl":{"start":{"line":3,"column":19},"end":{"line":3,"column":20}},"loc":{"start":{"line":3,"column":62},"end":{"line":62,"column":1}},"line":3},"1":{"name":"(anonymous_1)","decl":{"start":{"line":8,"column":27},"end":{"line":8,"column":28}},"loc":{"start":{"line":8,"column":36},"end":{"line":13,"column":3}},"line":8},"2":{"name":"(anonymous_2)","decl":{"start":{"line":10,"column":31},"end":{"line":10,"column":32}},"loc":{"start":{"line":11,"column":6},"end":{"line":11,"column":53}},"line":11},"3":{"name":"(anonymous_3)","decl":{"start":{"line":15,"column":28},"end":{"line":15,"column":29}},"loc":{"start":{"line":15,"column":33},"end":{"line":22,"column":3}},"line":15},"4":{"name":"(anonymous_4)","decl":{"start":{"line":24,"column":22},"end":{"line":24,"column":23}},"loc":{"start":{"line":24,"column":28},"end":{"line":27,"column":3}},"line":24},"5":{"name":"(anonymous_5)","decl":{"start":{"line":29,"column":26},"end":{"line":29,"column":27}},"loc":{"start":{"line":29,"column":31},"end":{"line":34,"column":3}},"line":29},"6":{"name":"(anonymous_6)","decl":{"start":{"line":44,"column":16},"end":{"line":44,"column":17}},"loc":{"start":{"line":44,"column":22},"end":{"line":44,"column":59}},"line":44},"7":{"name":"(anonymous_7)","decl":{"start":{"line":44,"column":33},"end":{"line":44,"column":34}},"loc":{"start":{"line":44,"column":39},"end":{"line":44,"column":53}},"line":44},"8":{"name":"(anonymous_8)","decl":{"start":{"line":50,"column":27},"end":{"line":50,"column":28}},"loc":{"start":{"line":51,"column":12},"end":{"line":53,"column":17}},"line":51}},"branchMap":{"0":{"loc":{"start":{"line":3,"column":22},"end":{"line":3,"column":39}},"type":"default-arg","locations":[{"start":{"line":3,"column":37},"end":{"line":3,"column":39}}],"line":3},"1":{"loc":{"start":{"line":9,"column":4},"end":{"line":9,"column":49}},"type":"if","locations":[{"start":{"line":9,"column":4},"end":{"line":9,"column":49}},{"start":{},"end":{}}],"line":9},"2":{"loc":{"start":{"line":19,"column":4},"end":{"line":21,"column":5}},"type":"if","locations":[{"start":{"line":19,"column":4},"end":{"line":21,"column":5}},{"start":{},"end":{}}],"line":19},"3":{"loc":{"start":{"line":31,"column":13},"end":{"line":31,"column":52}},"type":"cond-expr","locations":[{"start":{"line":31,"column":42},"end":{"line":31,"column":44}},{"start":{"line":31,"column":47},"end":{"line":31,"column":52}}],"line":31},"4":{"loc":{"start":{"line":48,"column":7},"end":{"line":59,"column":7}},"type":"binary-expr","locations":[{"start":{"line":48,"column":7},"end":{"line":48,"column":22}},{"start":{"line":49,"column":8},"end":{"line":58,"column":13}}],"line":48}},"s":{"0":6,"1":108,"2":108,"3":108,"4":108,"5":43,"6":7,"7":36,"8":72,"9":108,"10":36,"11":36,"12":36,"13":36,"14":0,"15":108,"16":7,"17":7,"18":108,"19":3,"20":3,"21":3,"22":3,"23":108,"24":3,"25":2,"26":48},"f":{"0":108,"1":43,"2":72,"3":36,"4":7,"5":3,"6":3,"7":2,"8":48},"b":{"0":[0],"1":[7,36],"2":[0,36],"3":[0,3],"4":[108,43]},"_coverageSchema":"1a1c01bbd47fc00a2c39e90264f33305004495a9","hash":"79bbd9d86cfe1d96b2ac6a2244f09977e6c52140"}
,"C:\\Users\\jonru\\careerfoundry\\meet\\src\\components\\Event.jsx": {"path":"C:\\Users\\jonru\\careerfoundry\\meet\\src\\components\\Event.jsx","statementMap":{"0":{"start":{"line":5,"column":14},"end":{"line":32,"column":1}},"1":{"start":{"line":6,"column":40},"end":{"line":6,"column":55}},"2":{"start":{"line":8,"column":2},"end":{"line":31,"column":4}},"3":{"start":{"line":27,"column":55},"end":{"line":27,"column":83}}},"fnMap":{"0":{"name":"(anonymous_0)","decl":{"start":{"line":5,"column":14},"end":{"line":5,"column":15}},"loc":{"start":{"line":5,"column":27},"end":{"line":32,"column":1}},"line":5},"1":{"name":"(anonymous_1)","decl":{"start":{"line":27,"column":49},"end":{"line":27,"column":50}},"loc":{"start":{"line":27,"column":55},"end":{"line":27,"column":83}},"line":27}},"branchMap":{"0":{"loc":{"start":{"line":14,"column":12},"end":{"line":25,"column":13}},"type":"binary-expr","locations":[{"start":{"line":14,"column":12},"end":{"line":14,"column":23}},{"start":{"line":15,"column":16},"end":{"line":24,"column":22}}],"line":14},"1":{"loc":{"start":{"line":28,"column":13},"end":{"line":28,"column":58}},"type":"cond-expr","locations":[{"start":{"line":28,"column":27},"end":{"line":28,"column":41}},{"start":{"line":28,"column":44},"end":{"line":28,"column":58}}],"line":28}},"s":{"0":7,"1":707,"2":707,"3":6},"f":{"0":707,"1":6},"b":{"0":[707,4],"1":[4,703]},"_coverageSchema":"1a1c01bbd47fc00a2c39e90264f33305004495a9","hash":"47bef4f7c033516ec6f24bd3ab04e4560ef5a4c1"}
,"C:\\Users\\jonru\\careerfoundry\\meet\\src\\components\\EventList.jsx": {"path":"C:\\Users\\jonru\\careerfoundry\\meet\\src\\components\\EventList.jsx","statementMap":{"0":{"start":{"line":5,"column":18},"end":{"line":12,"column":1}},"1":{"start":{"line":6,"column":2},"end":{"line":11,"column":4}},"2":{"start":{"line":9,"column":28},"end":{"line":9,"column":66}}},"fnMap":{"0":{"name":"(anonymous_0)","decl":{"start":{"line":5,"column":18},"end":{"line":5,"column":19}},"loc":{"start":{"line":5,"column":34},"end":{"line":12,"column":1}},"line":5},"1":{"name":"(anonymous_1)","decl":{"start":{"line":9,"column":19},"end":{"line":9,"column":20}},"loc":{"start":{"line":9,"column":28},"end":{"line":9,"column":66}},"line":9}},"branchMap":{"0":{"loc":{"start":{"line":8,"column":9},"end":{"line":9,"column":73}},"type":"cond-expr","locations":[{"start":{"line":9,"column":8},"end":{"line":9,"column":67}},{"start":{"line":9,"column":69},"end":{"line":9,"column":73}}],"line":8}},"s":{"0":6,"1":60,"2":694},"f":{"0":60,"1":694},"b":{"0":[58,2]},"_coverageSchema":"1a1c01bbd47fc00a2c39e90264f33305004495a9","hash":"2ed4431f0dea07112443b6402d43d3a069a0f508"}
,"C:\\Users\\jonru\\careerfoundry\\meet\\src\\components\\NumberOfEvents.jsx": {"path":"C:\\Users\\jonru\\careerfoundry\\meet\\src\\components\\NumberOfEvents.jsx","statementMap":{"0":{"start":{"line":3,"column":23},"end":{"line":27,"column":1}},"1":{"start":{"line":4,"column":30},"end":{"line":4,"column":54}},"2":{"start":{"line":6,"column":2},"end":{"line":8,"column":23}},"3":{"start":{"line":7,"column":4},"end":{"line":7,"column":30}},"4":{"start":{"line":10,"column":23},"end":{"line":14,"column":3}},"5":{"start":{"line":11,"column":18},"end":{"line":11,"column":32}},"6":{"start":{"line":12,"column":4},"end":{"line":12,"column":21}},"7":{"start":{"line":13,"column":4},"end":{"line":13,"column":26}},"8":{"start":{"line":16,"column":2},"end":{"line":26,"column":4}}},"fnMap":{"0":{"name":"(anonymous_0)","decl":{"start":{"line":3,"column":23},"end":{"line":3,"column":24}},"loc":{"start":{"line":3,"column":79},"end":{"line":27,"column":1}},"line":3},"1":{"name":"(anonymous_1)","decl":{"start":{"line":3,"column":64},"end":{"line":3,"column":65}},"loc":{"start":{"line":3,"column":70},"end":{"line":3,"column":72}},"line":3},"2":{"name":"(anonymous_2)","decl":{"start":{"line":6,"column":12},"end":{"line":6,"column":13}},"loc":{"start":{"line":6,"column":18},"end":{"line":8,"column":3}},"line":6},"3":{"name":"(anonymous_3)","decl":{"start":{"line":10,"column":23},"end":{"line":10,"column":24}},"loc":{"start":{"line":10,"column":30},"end":{"line":14,"column":3}},"line":10}},"branchMap":{"0":{"loc":{"start":{"line":3,"column":26},"end":{"line":3,"column":45}},"type":"default-arg","locations":[{"start":{"line":3,"column":43},"end":{"line":3,"column":45}}],"line":3},"1":{"loc":{"start":{"line":3,"column":47},"end":{"line":3,"column":72}},"type":"default-arg","locations":[{"start":{"line":3,"column":64},"end":{"line":3,"column":72}}],"line":3}},"s":{"0":7,"1":82,"2":82,"3":32,"4":82,"5":19,"6":19,"7":19,"8":82},"f":{"0":82,"1":7,"2":32,"3":19},"b":{"0":[13],"1":[13]},"_coverageSchema":"1a1c01bbd47fc00a2c39e90264f33305004495a9","hash":"66752b904e14740392c24e22fd20fc0d516e7161"}
}
