{"C:\\Users\\jonru\\careerfoundry\\meet\\src\\App.jsx": {"path":"C:\\Users\\jonru\\careerfoundry\\meet\\src\\App.jsx","statementMap":{"0":{"start":{"line":9,"column":12},"end":{"line":42,"column":1}},"1":{"start":{"line":10,"column":42},"end":{"line":10,"column":54}},"2":{"start":{"line":11,"column":38},"end":{"line":11,"column":50}},"3":{"start":{"line":12,"column":30},"end":{"line":12,"column":42}},"4":{"start":{"line":13,"column":40},"end":{"line":13,"column":66}},"5":{"start":{"line":15,"column":2},"end":{"line":17,"column":32}},"6":{"start":{"line":16,"column":4},"end":{"line":16,"column":16}},"7":{"start":{"line":19,"column":20},"end":{"line":29,"column":3}},"8":{"start":{"line":20,"column":22},"end":{"line":20,"column":39}},"9":{"start":{"line":21,"column":4},"end":{"line":21,"column":42}},"10":{"start":{"line":21,"column":35},"end":{"line":21,"column":42}},"11":{"start":{"line":23,"column":27},"end":{"line":25,"column":65}},"12":{"start":{"line":25,"column":34},"end":{"line":25,"column":64}},"13":{"start":{"line":27,"column":4},"end":{"line":27,"column":51}},"14":{"start":{"line":28,"column":4},"end":{"line":28,"column":49}},"15":{"start":{"line":31,"column":2},"end":{"line":41,"column":4}},"16":{"start":{"line":37,"column":31},"end":{"line":37,"column":57}}},"fnMap":{"0":{"name":"(anonymous_0)","decl":{"start":{"line":9,"column":12},"end":{"line":9,"column":13}},"loc":{"start":{"line":9,"column":18},"end":{"line":42,"column":1}},"line":9},"1":{"name":"(anonymous_1)","decl":{"start":{"line":15,"column":12},"end":{"line":15,"column":13}},"loc":{"start":{"line":15,"column":18},"end":{"line":17,"column":3}},"line":15},"2":{"name":"(anonymous_2)","decl":{"start":{"line":19,"column":20},"end":{"line":19,"column":21}},"loc":{"start":{"line":19,"column":32},"end":{"line":29,"column":3}},"line":19},"3":{"name":"(anonymous_3)","decl":{"start":{"line":25,"column":25},"end":{"line":25,"column":26}},"loc":{"start":{"line":25,"column":34},"end":{"line":25,"column":64}},"line":25},"4":{"name":"(anonymous_4)","decl":{"start":{"line":37,"column":24},"end":{"line":37,"column":25}},"loc":{"start":{"line":37,"column":31},"end":{"line":37,"column":57}},"line":37}},"branchMap":{"0":{"loc":{"start":{"line":21,"column":4},"end":{"line":21,"column":42}},"type":"if","locations":[{"start":{"line":21,"column":4},"end":{"line":21,"column":42}},{"start":{},"end":{}}],"line":21},"1":{"loc":{"start":{"line":23,"column":27},"end":{"line":25,"column":65}},"type":"cond-expr","locations":[{"start":{"line":24,"column":8},"end":{"line":24,"column":17}},{"start":{"line":25,"column":8},"end":{"line":25,"column":65}}],"line":23}},"s":{"0":3,"1":12,"2":11,"3":11,"4":11,"5":11,"6":7,"7":11,"8":7,"9":7,"10":0,"11":7,"12":32,"13":7,"14":7,"15":11,"16":0},"f":{"0":12,"1":7,"2":7,"3":32,"4":0},"b":{"0":[0,7],"1":[6,1]},"_coverageSchema":"1a1c01bbd47fc00a2c39e90264f33305004495a9","hash":"007583ca05e7a7527649c8cf5b25f957b7e0d46c"}
,"C:\\Users\\jonru\\careerfoundry\\meet\\src\\api.js": {"path":"C:\\Users\\jonru\\careerfoundry\\meet\\src\\api.js","statementMap":{"0":{"start":{"line":4,"column":32},"end":{"line":9,"column":1}},"1":{"start":{"line":5,"column":21},"end":{"line":5,"column":43}},"2":{"start":{"line":6,"column":29},"end":{"line":6,"column":70}},"3":{"start":{"line":6,"column":55},"end":{"line":6,"column":69}},"4":{"start":{"line":7,"column":20},"end":{"line":7,"column":52}},"5":{"start":{"line":8,"column":2},"end":{"line":8,"column":19}},"6":{"start":{"line":11,"column":30},"end":{"line":30,"column":1}},"7":{"start":{"line":12,"column":22},"end":{"line":12,"column":58}},"8":{"start":{"line":13,"column":21},"end":{"line":13,"column":67}},"9":{"start":{"line":15,"column":2},"end":{"line":28,"column":3}},"10":{"start":{"line":16,"column":4},"end":{"line":16,"column":50}},"11":{"start":{"line":17,"column":25},"end":{"line":17,"column":68}},"12":{"start":{"line":18,"column":17},"end":{"line":18,"column":47}},"13":{"start":{"line":19,"column":4},"end":{"line":26,"column":5}},"14":{"start":{"line":20,"column":23},"end":{"line":22,"column":7}},"15":{"start":{"line":23,"column":21},"end":{"line":23,"column":42}},"16":{"start":{"line":24,"column":26},"end":{"line":24,"column":32}},"17":{"start":{"line":25,"column":6},"end":{"line":25,"column":46}},"18":{"start":{"line":27,"column":4},"end":{"line":27,"column":34}},"19":{"start":{"line":29,"column":2},"end":{"line":29,"column":21}},"20":{"start":{"line":32,"column":25},"end":{"line":72,"column":1}},"21":{"start":{"line":33,"column":2},"end":{"line":36,"column":3}},"22":{"start":{"line":34,"column":4},"end":{"line":34,"column":54}},"23":{"start":{"line":35,"column":4},"end":{"line":35,"column":26}},"24":{"start":{"line":38,"column":2},"end":{"line":69,"column":3}},"25":{"start":{"line":39,"column":18},"end":{"line":39,"column":40}},"26":{"start":{"line":40,"column":4},"end":{"line":43,"column":5}},"27":{"start":{"line":41,"column":6},"end":{"line":41,"column":61}},"28":{"start":{"line":42,"column":6},"end":{"line":42,"column":16}},"29":{"start":{"line":45,"column":4},"end":{"line":45,"column":18}},"30":{"start":{"line":47,"column":16},"end":{"line":47,"column":100}},"31":{"start":{"line":48,"column":4},"end":{"line":48,"column":60}},"32":{"start":{"line":50,"column":21},"end":{"line":50,"column":37}},"33":{"start":{"line":51,"column":4},"end":{"line":53,"column":5}},"34":{"start":{"line":52,"column":6},"end":{"line":52,"column":77}},"35":{"start":{"line":55,"column":19},"end":{"line":55,"column":40}},"36":{"start":{"line":56,"column":4},"end":{"line":56,"column":55}},"37":{"start":{"line":58,"column":4},"end":{"line":65,"column":5}},"38":{"start":{"line":59,"column":6},"end":{"line":59,"column":27}},"39":{"start":{"line":60,"column":11},"end":{"line":65,"column":5}},"40":{"start":{"line":61,"column":6},"end":{"line":61,"column":77}},"41":{"start":{"line":62,"column":6},"end":{"line":62,"column":20}},"42":{"start":{"line":64,"column":6},"end":{"line":64,"column":71}},"43":{"start":{"line":68,"column":4},"end":{"line":68,"column":56}},"44":{"start":{"line":71,"column":2},"end":{"line":71,"column":12}},"45":{"start":{"line":75,"column":20},"end":{"line":78,"column":1}},"46":{"start":{"line":76,"column":17},"end":{"line":76,"column":98}},"47":{"start":{"line":77,"column":2},"end":{"line":77,"column":43}},"48":{"start":{"line":80,"column":17},"end":{"line":90,"column":1}},"49":{"start":{"line":81,"column":21},"end":{"line":81,"column":45}},"50":{"start":{"line":82,"column":19},"end":{"line":84,"column":3}},"51":{"start":{"line":85,"column":27},"end":{"line":85,"column":48}},"52":{"start":{"line":86,"column":2},"end":{"line":88,"column":3}},"53":{"start":{"line":87,"column":4},"end":{"line":87,"column":55}},"54":{"start":{"line":89,"column":2},"end":{"line":89,"column":22}},"55":{"start":{"line":92,"column":19},"end":{"line":98,"column":1}},"56":{"start":{"line":93,"column":19},"end":{"line":95,"column":3}},"57":{"start":{"line":96,"column":17},"end":{"line":96,"column":38}},"58":{"start":{"line":97,"column":2},"end":{"line":97,"column":16}}},"fnMap":{"0":{"name":"(anonymous_0)","decl":{"start":{"line":4,"column":32},"end":{"line":4,"column":33}},"loc":{"start":{"line":4,"column":44},"end":{"line":9,"column":1}},"line":4},"1":{"name":"(anonymous_1)","decl":{"start":{"line":6,"column":44},"end":{"line":6,"column":45}},"loc":{"start":{"line":6,"column":55},"end":{"line":6,"column":69}},"line":6},"2":{"name":"(anonymous_2)","decl":{"start":{"line":11,"column":30},"end":{"line":11,"column":31}},"loc":{"start":{"line":11,"column":42},"end":{"line":30,"column":1}},"line":11},"3":{"name":"(anonymous_3)","decl":{"start":{"line":32,"column":25},"end":{"line":32,"column":26}},"loc":{"start":{"line":32,"column":37},"end":{"line":72,"column":1}},"line":32},"4":{"name":"(anonymous_4)","decl":{"start":{"line":75,"column":20},"end":{"line":75,"column":21}},"loc":{"start":{"line":75,"column":26},"end":{"line":78,"column":1}},"line":75},"5":{"name":"(anonymous_5)","decl":{"start":{"line":80,"column":17},"end":{"line":80,"column":18}},"loc":{"start":{"line":80,"column":33},"end":{"line":90,"column":1}},"line":80},"6":{"name":"(anonymous_6)","decl":{"start":{"line":92,"column":19},"end":{"line":92,"column":20}},"loc":{"start":{"line":92,"column":42},"end":{"line":98,"column":1}},"line":92}},"branchMap":{"0":{"loc":{"start":{"line":5,"column":21},"end":{"line":5,"column":43}},"type":"binary-expr","locations":[{"start":{"line":5,"column":21},"end":{"line":5,"column":33}},{"start":{"line":5,"column":37},"end":{"line":5,"column":43}}],"line":5},"1":{"loc":{"start":{"line":13,"column":21},"end":{"line":13,"column":67}},"type":"binary-expr","locations":[{"start":{"line":13,"column":21},"end":{"line":13,"column":32}},{"start":{"line":13,"column":37},"end":{"line":13,"column":66}}],"line":13},"2":{"loc":{"start":{"line":15,"column":2},"end":{"line":28,"column":3}},"type":"if","locations":[{"start":{"line":15,"column":2},"end":{"line":28,"column":3}},{"start":{},"end":{}}],"line":15},"3":{"loc":{"start":{"line":15,"column":6},"end":{"line":15,"column":38}},"type":"binary-expr","locations":[{"start":{"line":15,"column":6},"end":{"line":15,"column":18}},{"start":{"line":15,"column":22},"end":{"line":15,"column":38}}],"line":15},"4":{"loc":{"start":{"line":19,"column":4},"end":{"line":26,"column":5}},"type":"if","locations":[{"start":{"line":19,"column":4},"end":{"line":26,"column":5}},{"start":{},"end":{}}],"line":19},"5":{"loc":{"start":{"line":27,"column":11},"end":{"line":27,"column":33}},"type":"binary-expr","locations":[{"start":{"line":27,"column":11},"end":{"line":27,"column":15}},{"start":{"line":27,"column":19},"end":{"line":27,"column":33}}],"line":27},"6":{"loc":{"start":{"line":33,"column":2},"end":{"line":36,"column":3}},"type":"if","locations":[{"start":{"line":33,"column":2},"end":{"line":36,"column":3}},{"start":{},"end":{}}],"line":33},"7":{"loc":{"start":{"line":40,"column":4},"end":{"line":43,"column":5}},"type":"if","locations":[{"start":{"line":40,"column":4},"end":{"line":43,"column":5}},{"start":{},"end":{}}],"line":40},"8":{"loc":{"start":{"line":51,"column":4},"end":{"line":53,"column":5}},"type":"if","locations":[{"start":{"line":51,"column":4},"end":{"line":53,"column":5}},{"start":{},"end":{}}],"line":51},"9":{"loc":{"start":{"line":58,"column":4},"end":{"line":65,"column":5}},"type":"if","locations":[{"start":{"line":58,"column":4},"end":{"line":65,"column":5}},{"start":{"line":60,"column":11},"end":{"line":65,"column":5}}],"line":58},"10":{"loc":{"start":{"line":60,"column":11},"end":{"line":65,"column":5}},"type":"if","locations":[{"start":{"line":60,"column":11},"end":{"line":65,"column":5}},{"start":{"line":63,"column":11},"end":{"line":65,"column":5}}],"line":60},"11":{"loc":{"start":{"line":86,"column":2},"end":{"line":88,"column":3}},"type":"if","locations":[{"start":{"line":86,"column":2},"end":{"line":88,"column":3}},{"start":{},"end":{}}],"line":86}},"s":{"0":3,"1":10,"2":10,"3":320,"4":10,"5":10,"6":3,"7":0,"8":0,"9":0,"10":0,"11":0,"12":0,"13":0,"14":0,"15":0,"16":0,"17":0,"18":0,"19":0,"20":3,"21":12,"22":12,"23":12,"24":0,"25":0,"26":0,"27":0,"28":0,"29":0,"30":0,"31":0,"32":0,"33":0,"34":0,"35":0,"36":0,"37":0,"38":0,"39":0,"40":0,"41":0,"42":0,"43":0,"44":0,"45":3,"46":0,"47":0,"48":3,"49":0,"50":0,"51":0,"52":0,"53":0,"54":0,"55":3,"56":0,"57":0,"58":0},"f":{"0":10,"1":320,"2":0,"3":12,"4":0,"5":0,"6":0},"b":{"0":[10,10],"1":[0,0],"2":[0,0],"3":[0,0],"4":[0,0],"5":[0,0],"6":[12,0],"7":[0,0],"8":[0,0],"9":[0,0],"10":[0,0],"11":[0,0]},"_coverageSchema":"1a1c01bbd47fc00a2c39e90264f33305004495a9","hash":"1051c465611e28acf2ba0f737b15441d08a95e78"}
,"C:\\Users\\jonru\\careerfoundry\\meet\\src\\mock-data.js": {"path":"C:\\Users\\jonru\\careerfoundry\\meet\\src\\mock-data.js","statementMap":{"0":{"start":{"line":1,"column":17},"end":{"line":1261,"column":1}}},"fnMap":{},"branchMap":{},"s":{"0":4},"f":{},"b":{},"_coverageSchema":"1a1c01bbd47fc00a2c39e90264f33305004495a9","hash":"a7669fe3d5cf4be6b0ea6d04648b9e96a1f6a5bb"}
,"C:\\Users\\jonru\\careerfoundry\\meet\\src\\components\\CitySearch.jsx": {"path":"C:\\Users\\jonru\\careerfoundry\\meet\\src\\components\\CitySearch.jsx","statementMap":{"0":{"start":{"line":4,"column":19},"end":{"line":50,"column":1}},"1":{"start":{"line":5,"column":50},"end":{"line":5,"column":65}},"2":{"start":{"line":6,"column":30},"end":{"line":6,"column":42}},"3":{"start":{"line":7,"column":42},"end":{"line":7,"column":54}},"4":{"start":{"line":9,"column":31},"end":{"line":18,"column":7}},"5":{"start":{"line":10,"column":22},"end":{"line":10,"column":40}},"6":{"start":{"line":11,"column":34},"end":{"line":13,"column":15}},"7":{"start":{"line":12,"column":10},"end":{"line":12,"column":74}},"8":{"start":{"line":16,"column":8},"end":{"line":16,"column":24}},"9":{"start":{"line":17,"column":8},"end":{"line":17,"column":42}},"10":{"start":{"line":20,"column":30},"end":{"line":25,"column":3}},"11":{"start":{"line":21,"column":18},"end":{"line":21,"column":42}},"12":{"start":{"line":22,"column":4},"end":{"line":22,"column":20}},"13":{"start":{"line":23,"column":4},"end":{"line":23,"column":30}},"14":{"start":{"line":24,"column":4},"end":{"line":24,"column":26}},"15":{"start":{"line":27,"column":1},"end":{"line":49,"column":2}},"16":{"start":{"line":34,"column":23},"end":{"line":34,"column":47}},"17":{"start":{"line":40,"column":12},"end":{"line":40,"column":85}}},"fnMap":{"0":{"name":"(anonymous_0)","decl":{"start":{"line":4,"column":19},"end":{"line":4,"column":20}},"loc":{"start":{"line":4,"column":57},"end":{"line":50,"column":1}},"line":4},"1":{"name":"(anonymous_1)","decl":{"start":{"line":9,"column":31},"end":{"line":9,"column":32}},"loc":{"start":{"line":9,"column":42},"end":{"line":18,"column":7}},"line":9},"2":{"name":"(anonymous_2)","decl":{"start":{"line":11,"column":69},"end":{"line":11,"column":70}},"loc":{"start":{"line":11,"column":83},"end":{"line":13,"column":9}},"line":11},"3":{"name":"(anonymous_3)","decl":{"start":{"line":20,"column":30},"end":{"line":20,"column":31}},"loc":{"start":{"line":20,"column":41},"end":{"line":25,"column":3}},"line":20},"4":{"name":"(anonymous_4)","decl":{"start":{"line":34,"column":17},"end":{"line":34,"column":18}},"loc":{"start":{"line":34,"column":23},"end":{"line":34,"column":47}},"line":34},"5":{"name":"(anonymous_5)","decl":{"start":{"line":39,"column":27},"end":{"line":39,"column":28}},"loc":{"start":{"line":39,"column":43},"end":{"line":41,"column":11}},"line":39}},"branchMap":{"0":{"loc":{"start":{"line":11,"column":34},"end":{"line":13,"column":15}},"type":"cond-expr","locations":[{"start":{"line":11,"column":49},"end":{"line":13,"column":10}},{"start":{"line":13,"column":13},"end":{"line":13,"column":15}}],"line":11},"1":{"loc":{"start":{"line":37,"column":7},"end":{"line":46,"column":14}},"type":"cond-expr","locations":[{"start":{"line":38,"column":8},"end":{"line":45,"column":13}},{"start":{"line":46,"column":10},"end":{"line":46,"column":14}}],"line":37}},"s":{"0":3,"1":48,"2":48,"3":48,"4":48,"5":24,"6":24,"7":48,"8":24,"9":24,"10":48,"11":2,"12":2,"13":2,"14":2,"15":48,"16":5,"17":24},"f":{"0":48,"1":24,"2":48,"3":2,"4":5,"5":24},"b":{"0":[24,0],"1":[29,19]},"_coverageSchema":"1a1c01bbd47fc00a2c39e90264f33305004495a9","hash":"87f82ba975e3d28866ed48937800179977293bc0"}
,"C:\\Users\\jonru\\careerfoundry\\meet\\src\\components\\Event.jsx": {"path":"C:\\Users\\jonru\\careerfoundry\\meet\\src\\components\\Event.jsx","statementMap":{"0":{"start":{"line":5,"column":14},"end":{"line":32,"column":1}},"1":{"start":{"line":6,"column":40},"end":{"line":6,"column":55}},"2":{"start":{"line":8,"column":2},"end":{"line":31,"column":4}},"3":{"start":{"line":27,"column":31},"end":{"line":27,"column":59}}},"fnMap":{"0":{"name":"(anonymous_0)","decl":{"start":{"line":5,"column":14},"end":{"line":5,"column":15}},"loc":{"start":{"line":5,"column":27},"end":{"line":32,"column":1}},"line":5},"1":{"name":"(anonymous_1)","decl":{"start":{"line":27,"column":25},"end":{"line":27,"column":26}},"loc":{"start":{"line":27,"column":31},"end":{"line":27,"column":59}},"line":27}},"branchMap":{"0":{"loc":{"start":{"line":14,"column":12},"end":{"line":25,"column":13}},"type":"binary-expr","locations":[{"start":{"line":14,"column":12},"end":{"line":14,"column":23}},{"start":{"line":15,"column":16},"end":{"line":24,"column":22}}],"line":14},"1":{"loc":{"start":{"line":28,"column":13},"end":{"line":28,"column":58}},"type":"cond-expr","locations":[{"start":{"line":28,"column":27},"end":{"line":28,"column":41}},{"start":{"line":28,"column":44},"end":{"line":28,"column":58}}],"line":28}},"s":{"0":4,"1":186,"2":186,"3":3},"f":{"0":186,"1":3},"b":{"0":[186,2],"1":[2,184]},"_coverageSchema":"1a1c01bbd47fc00a2c39e90264f33305004495a9","hash":"7d1faceea2f43885e8dd3c3620b90893eb1169ec"}
,"C:\\Users\\jonru\\careerfoundry\\meet\\src\\components\\EventList.jsx": {"path":"C:\\Users\\jonru\\careerfoundry\\meet\\src\\components\\EventList.jsx","statementMap":{"0":{"start":{"line":5,"column":18},"end":{"line":12,"column":1}},"1":{"start":{"line":6,"column":2},"end":{"line":11,"column":4}},"2":{"start":{"line":9,"column":28},"end":{"line":9,"column":66}}},"fnMap":{"0":{"name":"(anonymous_0)","decl":{"start":{"line":5,"column":18},"end":{"line":5,"column":19}},"loc":{"start":{"line":5,"column":34},"end":{"line":12,"column":1}},"line":5},"1":{"name":"(anonymous_1)","decl":{"start":{"line":9,"column":19},"end":{"line":9,"column":20}},"loc":{"start":{"line":9,"column":28},"end":{"line":9,"column":66}},"line":9}},"branchMap":{"0":{"loc":{"start":{"line":8,"column":9},"end":{"line":9,"column":73}},"type":"cond-expr","locations":[{"start":{"line":9,"column":8},"end":{"line":9,"column":67}},{"start":{"line":9,"column":69},"end":{"line":9,"column":73}}],"line":8}},"s":{"0":3,"1":14,"2":176},"f":{"0":14,"1":176},"b":{"0":[12,2]},"_coverageSchema":"1a1c01bbd47fc00a2c39e90264f33305004495a9","hash":"2ed4431f0dea07112443b6402d43d3a069a0f508"}
,"C:\\Users\\jonru\\careerfoundry\\meet\\src\\components\\NumberOfEvents.jsx": {"path":"C:\\Users\\jonru\\careerfoundry\\meet\\src\\components\\NumberOfEvents.jsx","statementMap":{"0":{"start":{"line":3,"column":23},"end":{"line":27,"column":1}},"1":{"start":{"line":4,"column":30},"end":{"line":4,"column":54}},"2":{"start":{"line":6,"column":2},"end":{"line":8,"column":23}},"3":{"start":{"line":7,"column":4},"end":{"line":7,"column":30}},"4":{"start":{"line":10,"column":23},"end":{"line":14,"column":3}},"5":{"start":{"line":11,"column":18},"end":{"line":11,"column":32}},"6":{"start":{"line":12,"column":4},"end":{"line":12,"column":21}},"7":{"start":{"line":13,"column":4},"end":{"line":13,"column":26}},"8":{"start":{"line":16,"column":2},"end":{"line":26,"column":4}}},"fnMap":{"0":{"name":"(anonymous_0)","decl":{"start":{"line":3,"column":23},"end":{"line":3,"column":24}},"loc":{"start":{"line":3,"column":79},"end":{"line":27,"column":1}},"line":3},"1":{"name":"(anonymous_1)","decl":{"start":{"line":3,"column":64},"end":{"line":3,"column":65}},"loc":{"start":{"line":3,"column":70},"end":{"line":3,"column":72}},"line":3},"2":{"name":"(anonymous_2)","decl":{"start":{"line":6,"column":12},"end":{"line":6,"column":13}},"loc":{"start":{"line":6,"column":18},"end":{"line":8,"column":3}},"line":6},"3":{"name":"(anonymous_3)","decl":{"start":{"line":10,"column":23},"end":{"line":10,"column":24}},"loc":{"start":{"line":10,"column":30},"end":{"line":14,"column":3}},"line":10}},"branchMap":{"0":{"loc":{"start":{"line":3,"column":26},"end":{"line":3,"column":45}},"type":"default-arg","locations":[{"start":{"line":3,"column":43},"end":{"line":3,"column":45}}],"line":3},"1":{"loc":{"start":{"line":3,"column":47},"end":{"line":3,"column":72}},"type":"default-arg","locations":[{"start":{"line":3,"column":64},"end":{"line":3,"column":72}}],"line":3}},"s":{"0":4,"1":35,"2":35,"3":16,"4":35,"5":7,"6":7,"7":7,"8":35},"f":{"0":35,"1":7,"2":16,"3":7},"b":{"0":[24],"1":[24]},"_coverageSchema":"1a1c01bbd47fc00a2c39e90264f33305004495a9","hash":"66752b904e14740392c24e22fd20fc0d516e7161"}
}
