TN:
SF:src\App.jsx
FN:9,(anonymous_0)
FN:15,(anonymous_1)
FN:19,(anonymous_2)
FN:25,(anonymous_3)
FN:36,(anonymous_4)
FNF:5
FNH:5
FNDA:32,(anonymous_0)
FNDA:17,(anonymous_1)
FNDA:17,(anonymous_2)
FNDA:32,(anonymous_3)
FNDA:8,(anonymous_4)
DA:9,3
DA:10,32
DA:11,31
DA:12,31
DA:13,31
DA:15,31
DA:16,17
DA:19,31
DA:20,17
DA:21,17
DA:23,17
DA:25,32
DA:27,17
DA:28,17
DA:31,31
DA:36,8
LF:16
LH:16
BRDA:21,0,0,0
BRDA:21,0,1,17
BRDA:23,1,0,16
BRDA:23,1,1,1
BRF:4
BRH:3
end_of_record
TN:
SF:src\api.js
FN:4,(anonymous_0)
FN:6,(anonymous_1)
FN:11,(anonymous_2)
FN:32,(anonymous_3)
FN:75,(anonymous_4)
FN:80,(anonymous_5)
FN:92,(anonymous_6)
FNF:7
FNH:3
FNDA:20,(anonymous_0)
FNDA:640,(anonymous_1)
FNDA:0,(anonymous_2)
FNDA:22,(anonymous_3)
FNDA:0,(anonymous_4)
FNDA:0,(anonymous_5)
FNDA:0,(anonymous_6)
DA:4,3
DA:5,20
DA:6,640
DA:7,20
DA:8,20
DA:11,3
DA:12,0
DA:13,0
DA:15,0
DA:16,0
DA:17,0
DA:18,0
DA:19,0
DA:20,0
DA:23,0
DA:24,0
DA:25,0
DA:27,0
DA:29,0
DA:32,3
DA:33,22
DA:34,22
DA:35,22
DA:38,0
DA:39,0
DA:40,0
DA:41,0
DA:42,0
DA:45,0
DA:47,0
DA:48,0
DA:50,0
DA:51,0
DA:52,0
DA:55,0
DA:56,0
DA:58,0
DA:59,0
DA:60,0
DA:61,0
DA:62,0
DA:64,0
DA:68,0
DA:71,0
DA:75,3
DA:76,0
DA:77,0
DA:80,3
DA:81,0
DA:82,0
DA:85,0
DA:86,0
DA:87,0
DA:89,0
DA:92,3
DA:93,0
DA:96,0
DA:97,0
LF:58
LH:13
BRDA:5,0,0,20
BRDA:5,0,1,20
BRDA:13,1,0,0
BRDA:13,1,1,0
BRDA:15,2,0,0
BRDA:15,2,1,0
BRDA:15,3,0,0
BRDA:15,3,1,0
BRDA:19,4,0,0
BRDA:19,4,1,0
BRDA:27,5,0,0
BRDA:27,5,1,0
BRDA:33,6,0,22
BRDA:33,6,1,0
BRDA:40,7,0,0
BRDA:40,7,1,0
BRDA:51,8,0,0
BRDA:51,8,1,0
BRDA:58,9,0,0
BRDA:58,9,1,0
BRDA:60,10,0,0
BRDA:60,10,1,0
BRDA:86,11,0,0
BRDA:86,11,1,0
BRF:24
BRH:3
end_of_record
TN:
SF:src\mock-data.js
FNF:0
FNH:0
DA:1,4
LF:1
LH:1
BRF:0
BRH:0
end_of_record
TN:
SF:src\components\CitySearch.jsx
FN:4,(anonymous_0)
FN:9,(anonymous_1)
FN:11,(anonymous_2)
FN:20,(anonymous_3)
FN:34,(anonymous_4)
FN:39,(anonymous_5)
FNF:6
FNH:6
FNDA:68,(anonymous_0)
FNDA:24,(anonymous_1)
FNDA:48,(anonymous_2)
FNDA:2,(anonymous_3)
FNDA:5,(anonymous_4)
FNDA:24,(anonymous_5)
DA:4,3
DA:5,68
DA:6,68
DA:7,68
DA:9,68
DA:10,24
DA:11,24
DA:12,48
DA:16,24
DA:17,24
DA:20,68
DA:21,2
DA:22,2
DA:23,2
DA:24,2
DA:27,68
DA:34,5
DA:40,24
LF:18
LH:18
BRDA:11,0,0,24
BRDA:11,0,1,0
BRDA:37,1,0,29
BRDA:37,1,1,39
BRF:4
BRH:3
end_of_record
TN:
SF:src\components\Event.jsx
FN:5,(anonymous_0)
FN:27,(anonymous_1)
FNF:2
FNH:2
FNDA:350,(anonymous_0)
FNDA:3,(anonymous_1)
DA:5,4
DA:6,350
DA:8,350
DA:27,3
LF:4
LH:4
BRDA:14,0,0,350
BRDA:14,0,1,2
BRDA:28,1,0,2
BRDA:28,1,1,348
BRF:4
BRH:4
end_of_record
TN:
SF:src\components\EventList.jsx
FN:5,(anonymous_0)
FN:9,(anonymous_1)
FNF:2
FNH:2
FNDA:34,(anonymous_0)
FNDA:340,(anonymous_1)
DA:5,3
DA:6,34
DA:9,340
LF:3
LH:3
BRDA:8,0,0,32
BRDA:8,0,1,2
BRF:2
BRH:2
end_of_record
TN:
SF:src\components\NumberOfEvents.jsx
FN:3,(anonymous_0)
FN:3,(anonymous_1)
FN:6,(anonymous_2)
FN:10,(anonymous_3)
FNF:4
FNH:4
FNDA:52,(anonymous_0)
FNDA:7,(anonymous_1)
FNDA:20,(anonymous_2)
FNDA:15,(anonymous_3)
DA:3,4
DA:4,52
DA:6,52
DA:7,20
DA:10,52
DA:11,15
DA:12,15
DA:13,15
DA:16,52
LF:9
LH:9
BRDA:3,0,0,13
BRDA:3,1,0,13
BRF:2
BRH:2
end_of_record
