TN:
SF:src\App.jsx
FN:9,(anonymous_0)
FN:15,(anonymous_1)
FN:19,(anonymous_2)
FN:25,(anonymous_3)
FN:36,(anonymous_4)
FNF:5
FNH:5
FNDA:61,(anonymous_0)
FNDA:30,(anonymous_1)
FNDA:30,(anonymous_2)
FNDA:64,(anonymous_3)
FNDA:12,(anonymous_4)
DA:9,6
DA:10,61
DA:11,57
DA:12,57
DA:13,57
DA:15,57
DA:16,30
DA:19,57
DA:20,30
DA:21,30
DA:23,30
DA:25,64
DA:27,30
DA:28,30
DA:31,57
DA:36,12
LF:16
LH:16
BRDA:21,0,0,0
BRDA:21,0,1,30
BRDA:23,1,0,28
BRDA:23,1,1,2
BRF:4
BRH:3
end_of_record
TN:
SF:src\api.js
FN:5,(anonymous_0)
FN:7,(anonymous_1)
FN:12,(anonymous_2)
FN:33,(anonymous_3)
FN:78,(anonymous_4)
FN:83,(anonymous_5)
FN:95,(anonymous_6)
FNF:7
FNH:3
FNDA:33,(anonymous_0)
FNDA:1056,(anonymous_1)
FNDA:0,(anonymous_2)
FNDA:36,(anonymous_3)
FNDA:0,(anonymous_4)
FNDA:0,(anonymous_5)
FNDA:0,(anonymous_6)
DA:5,6
DA:6,33
DA:7,1056
DA:8,33
DA:9,33
DA:12,6
DA:13,0
DA:14,0
DA:16,0
DA:17,0
DA:18,0
DA:19,0
DA:20,0
DA:21,0
DA:24,0
DA:25,0
DA:26,0
DA:28,0
DA:30,0
DA:33,6
DA:34,36
DA:36,36
DA:37,36
DA:38,36
DA:41,0
DA:42,0
DA:43,0
DA:44,0
DA:45,0
DA:48,0
DA:50,0
DA:51,0
DA:53,0
DA:54,0
DA:55,0
DA:58,0
DA:59,0
DA:61,0
DA:62,0
DA:63,0
DA:64,0
DA:65,0
DA:67,0
DA:71,0
DA:74,0
DA:78,6
DA:79,0
DA:80,0
DA:83,6
DA:84,0
DA:85,0
DA:88,0
DA:89,0
DA:90,0
DA:92,0
DA:95,6
DA:96,0
DA:99,0
DA:100,0
LF:59
LH:14
BRDA:6,0,0,33
BRDA:6,0,1,33
BRDA:14,1,0,0
BRDA:14,1,1,0
BRDA:16,2,0,0
BRDA:16,2,1,0
BRDA:16,3,0,0
BRDA:16,3,1,0
BRDA:20,4,0,0
BRDA:20,4,1,0
BRDA:28,5,0,0
BRDA:28,5,1,0
BRDA:36,6,0,36
BRDA:36,6,1,0
BRDA:43,7,0,0
BRDA:43,7,1,0
BRDA:54,8,0,0
BRDA:54,8,1,0
BRDA:61,9,0,0
BRDA:61,9,1,0
BRDA:63,10,0,0
BRDA:63,10,1,0
BRDA:89,11,0,0
BRDA:89,11,1,0
BRF:24
BRH:3
end_of_record
TN:
SF:src\mock-data.js
FNF:0
FNH:0
DA:1,7
LF:1
LH:1
BRF:0
BRH:0
end_of_record
TN:
SF:src\components\CitySearch.jsx
FN:4,(anonymous_0)
FN:9,(anonymous_1)
FN:11,(anonymous_2)
FN:20,(anonymous_3)
FN:34,(anonymous_4)
FN:39,(anonymous_5)
FNF:6
FNH:6
FNDA:108,(anonymous_0)
FNDA:36,(anonymous_1)
FNDA:72,(anonymous_2)
FNDA:3,(anonymous_3)
FNDA:7,(anonymous_4)
FNDA:36,(anonymous_5)
DA:4,6
DA:5,108
DA:6,108
DA:7,108
DA:9,108
DA:10,36
DA:11,36
DA:12,72
DA:16,36
DA:17,36
DA:20,108
DA:21,3
DA:22,3
DA:23,3
DA:24,3
DA:27,108
DA:34,7
DA:40,36
LF:18
LH:18
BRDA:11,0,0,36
BRDA:11,0,1,0
BRDA:37,1,0,43
BRDA:37,1,1,65
BRF:4
BRH:3
end_of_record
TN:
SF:src\components\Event.jsx
FN:5,(anonymous_0)
FN:27,(anonymous_1)
FNF:2
FNH:2
FNDA:707,(anonymous_0)
FNDA:6,(anonymous_1)
DA:5,7
DA:6,707
DA:8,707
DA:27,6
LF:4
LH:4
BRDA:14,0,0,707
BRDA:14,0,1,4
BRDA:28,1,0,4
BRDA:28,1,1,703
BRF:4
BRH:4
end_of_record
TN:
SF:src\components\EventList.jsx
FN:5,(anonymous_0)
FN:9,(anonymous_1)
FNF:2
FNH:2
FNDA:60,(anonymous_0)
FNDA:694,(anonymous_1)
DA:5,6
DA:6,60
DA:9,694
LF:3
LH:3
BRDA:8,0,0,58
BRDA:8,0,1,2
BRF:2
BRH:2
end_of_record
TN:
SF:src\components\NumberOfEvents.jsx
FN:3,(anonymous_0)
FN:3,(anonymous_1)
FN:6,(anonymous_2)
FN:10,(anonymous_3)
FNF:4
FNH:4
FNDA:82,(anonymous_0)
FNDA:7,(anonymous_1)
FNDA:32,(anonymous_2)
FNDA:19,(anonymous_3)
DA:3,7
DA:4,82
DA:6,82
DA:7,32
DA:10,82
DA:11,19
DA:12,19
DA:13,19
DA:16,82
LF:9
LH:9
BRDA:3,0,0,13
BRDA:3,1,0,13
BRF:2
BRH:2
end_of_record
